2026-07-20 00:04:44,335 - INFO - Chromium bulundu: /data/data/com.termux/files/usr/bin/chromium-browser
2026-07-20 00:04:44,335 - INFO - ChromeDriver bulundu: /data/data/com.termux/files/usr/bin/chromedriver
2026-07-20 00:04:46,263 - INFO - Driver baslatildi (Termux/Android)
2026-07-20 00:04:46,264 - INFO - Instagram login sayfasi yukleniyor...
2026-07-20 09:39:54,044 - INFO - Chrome profili: chrome_profiles/bot_1
2026-07-20 09:39:54,047 - INFO - Chromium bulundu: /data/data/com.termux/files/usr/bin/chromium-browser
2026-07-20 09:39:54,048 - INFO - ChromeDriver bulundu: /data/data/com.termux/files/usr/bin/chromedriver
2026-07-20 09:39:54,838 - ERROR - Service ile baslatilamadi: Message: session not created: Chrome instance exited. Examine ChromeDriver verbose log to determine the cause.; For documentation on this error, please visit: https://www.selenium.dev/documentation/webdriver/troubleshooting/errors#sessionnotcreatedexception

2026-07-20 09:39:54,839 - ERROR - Beklenmeyen hata: Message: Unable to obtain driver for chrome; For documentation on this error, please visit: https://www.selenium.dev/documentation/webdriver/troubleshooting/errors/driver_location

2026-07-20 10:48:36,565 - INFO - Chrome profili: chrome_profiles/bot_1
2026-07-20 10:48:36,569 - INFO - Chromium bulundu: /data/data/com.termux/files/usr/bin/chromium-browser
2026-07-20 10:48:36,570 - INFO - ChromeDriver bulundu: /data/data/com.termux/files/usr/bin/chromedriver
2026-07-20 10:48:37,568 - ERROR - Service ile baslatilamadi: Message: session not created: Chrome instance exited. Examine ChromeDriver verbose log to determine the cause.; For documentation on this error, please visit: https://www.selenium.dev/documentation/webdriver/troubleshooting/errors#sessionnotcreatedexception

2026-07-20 10:48:37,568 - INFO - Profilsiz deneniyor...
2026-07-20 10:48:37,569 - ERROR - Profilsiz de baslatilamadi: Message: Unable to obtain driver for chrome; For documentation on this error, please visit: https://www.selenium.dev/documentation/webdriver/troubleshooting/errors/driver_location

2026-07-20 10:48:37,569 - ERROR - Beklenmeyen hata: Message: Unable to obtain driver for chrome; For documentation on this error, please visit: https://www.selenium.dev/documentation/webdriver/troubleshooting/errors/driver_location

2026-07-20 10:48:37,864 - INFO - Chrome profili: chrome_profiles/bot_1
2026-07-20 10:48:37,865 - INFO - Chromium bulundu: /data/data/com.termux/files/usr/bin/chromium-browser
2026-07-20 10:48:37,865 - INFO - ChromeDriver bulundu: /data/data/com.termux/files/usr/bin/chromedriver
2026-07-20 10:48:38,220 - ERROR - Service ile baslatilamadi: Message: session not created: Chrome instance exited. Examine ChromeDriver verbose log to determine the cause.; For documentation on this error, please visit: https://www.selenium.dev/documentation/webdriver/troubleshooting/errors#sessionnotcreatedexception

2026-07-20 10:48:38,221 - INFO - Profilsiz deneniyor...
2026-07-20 10:48:38,222 - ERROR - Profilsiz de baslatilamadi: Message: Unable to obtain driver for chrome; For documentation on this error, please visit: https://www.selenium.dev/documentation/webdriver/troubleshooting/errors/driver_location

2026-07-20 10:48:38,222 - ERROR - Beklenmeyen hata: Message: Unable to obtain driver for chrome; For documentation on this error, please visit: https://www.selenium.dev/documentation/webdriver/troubleshooting/errors/driver_location

2026-07-20 11:37:30,715 - INFO - Chrome profili: chrome_profiles/bot_1
2026-07-20 11:37:30,721 - INFO - Chromium bulundu: /data/data/com.termux/files/usr/bin/chromium-browser
2026-07-20 11:37:30,721 - INFO - ChromeDriver bulundu: /data/data/com.termux/files/usr/bin/chromedriver
2026-07-20 11:37:31,031 - ERROR - Service ile baslatilamadi: Message: session not created: Chrome instance exited. Examine ChromeDriver verbose log to determine the cause.; For documentation on this error, please visit: https://www.selenium.dev/documentation/webdriver/troubleshooting/errors#sessionnotcreatedexception

2026-07-20 11:37:31,031 - INFO - Profilsiz deneniyor...
2026-07-20 11:37:31,032 - ERROR - Profilsiz de baslatilamadi: Message: Unable to obtain driver for chrome; For documentation on this error, please visit: https://www.selenium.dev/documentation/webdriver/troubleshooting/errors/driver_location

2026-07-20 11:37:31,032 - ERROR - Beklenmeyen hata: Message: Unable to obtain driver for chrome; For documentation on this error, please visit: https://www.selenium.dev/documentation/webdriver/troubleshooting/errors/driver_location

2026-07-20 16:40:01,091 - INFO - Chrome profili: chrome_profiles/bot_1
2026-07-20 16:40:01,094 - INFO - Chromium bulundu: /data/data/com.termux/files/usr/bin/chromium-browser
2026-07-20 16:40:01,094 - INFO - ChromeDriver bulundu: /data/data/com.termux/files/usr/bin/chromedriver
2026-07-20 16:40:02,123 - ERROR - Service ile baslatilamadi: Message: session not created: Chrome instance exited. Examine ChromeDriver verbose log to determine the cause.; For documentation on this error, please visit: https://www.selenium.dev/documentation/webdriver/troubleshooting/errors#sessionnotcreatedexception

2026-07-20 16:40:02,123 - INFO - Profilsiz deneniyor...
2026-07-20 16:40:02,124 - ERROR - Profilsiz de baslatilamadi: Message: Unable to obtain driver for chrome; For documentation on this error, please visit: https://www.selenium.dev/documentation/webdriver/troubleshooting/errors/driver_location

2026-07-20 16:40:02,125 - ERROR - Beklenmeyen hata: Message: Unable to obtain driver for chrome; For documentation on this error, please visit: https://www.selenium.dev/documentation/webdriver/troubleshooting/errors/driver_location

