2026-07-20 00:20:33,992 - INFO - Chromium bulundu: /data/data/com.termux/files/usr/bin/chromium-browser
2026-07-20 00:20:33,993 - INFO - ChromeDriver bulundu: /data/data/com.termux/files/usr/bin/chromedriver
2026-07-20 00:20:35,496 - INFO - Driver baslatildi (Termux/Android)
2026-07-20 00:20:35,496 - INFO - Instagram login sayfasi yukleniyor...
2026-07-20 00:21:18,111 - INFO - Cerez butonu bulunamadi veya gerekli degil
2026-07-20 00:21:18,117 - INFO - Giris alanlari araniyor...
2026-07-20 00:21:18,219 - INFO - Giris alanlari bulundu
2026-07-20 00:21:18,219 - INFO - Kullanici adi giriliyor...
2026-07-20 00:21:26,067 - INFO - Sifre giriliyor...
2026-07-20 00:21:31,987 - INFO - Giris butonu bulundu: //div[@role="button" and contains(., "Log in")]
2026-07-20 00:21:32,605 - INFO - Giris butonuna tiklandi
2026-07-20 00:21:45,766 - INFO - 'Save login info' popup kontrolu...
2026-07-20 00:21:47,339 - INFO - Popup bulunamadi veya zaten kapali
2026-07-20 00:21:55,765 - INFO - Giris basarili! (URL: https://www.instagram.com/?deoia=1)
2026-07-20 00:21:55,766 - INFO - 
============================================================
2026-07-20 00:21:55,767 - INFO - TAKIP ETME DONGUSU BASLADI
2026-07-20 00:21:55,767 - INFO - Durdurmak icin Ctrl+C veya panelden durdur
2026-07-20 00:21:55,767 - INFO - ============================================================

2026-07-20 00:21:55,767 - INFO - 
============================================================
2026-07-20 00:21:55,767 - INFO - TAKIP DONGUSU #1
2026-07-20 00:21:55,767 - INFO - ============================================================
2026-07-20 00:21:55,792 - INFO - 100 bekleyen kullanici bulundu, takip ediliyor...
2026-07-20 00:21:55,792 - INFO - 
==================================================
2026-07-20 00:21:55,792 - INFO - Takip 1: inbox
2026-07-20 00:21:55,793 - INFO - ==================================================
2026-07-20 00:21:55,793 - INFO - inbox profiline gidiliyor...
2026-07-20 00:22:43,538 - WARNING - Header bulunamadi, devam ediliyor...
2026-07-20 00:24:14,975 - INFO - Takip butonu bulunamadi, JavaScript deneniyor...
2026-07-20 00:24:15,020 - INFO - JavaScript sonucu: not found
2026-07-20 00:24:15,020 - WARNING - ⚠️ inbox icin takip butonu bulunamadi (JS)
2026-07-20 00:24:15,103 - INFO - ❌ ONAYSIZ: inbox (Buton bulunamadi)
2026-07-20 00:24:15,103 - INFO - Rate limit korumasi: 14.5s bekleniyor...
2026-07-20 00:24:29,563 - INFO - 
==================================================
2026-07-20 00:24:29,564 - INFO - Takip 2: nusaybinemlak47
2026-07-20 00:24:29,564 - INFO - ==================================================
2026-07-20 00:24:29,564 - INFO - nusaybinemlak47 profiline gidiliyor...
2026-07-20 00:26:19,809 - INFO - Takip butonu bulunamadi, JavaScript deneniyor...
2026-07-20 00:26:19,841 - INFO - JavaScript sonucu: not found
2026-07-20 00:26:19,841 - WARNING - ⚠️ nusaybinemlak47 icin takip butonu bulunamadi (JS)
2026-07-20 00:26:19,952 - INFO - ❌ ONAYSIZ: nusaybinemlak47 (Buton bulunamadi)
2026-07-20 00:26:19,952 - INFO - Rate limit korumasi: 8.5s bekleniyor...
2026-07-20 00:26:28,420 - INFO - 
==================================================
2026-07-20 00:26:28,420 - INFO - Takip 3: ?xmt=AQG0X2jfCQK_yGoRuq5ZsAVZsEZfzZfwTYpoqEvdgBQisUI
2026-07-20 00:26:28,420 - INFO - ==================================================
2026-07-20 00:26:28,420 - INFO - ?xmt=AQG0X2jfCQK_yGoRuq5ZsAVZsEZfzZfwTYpoqEvdgBQisUI profiline gidiliyor...
2026-07-20 00:27:14,254 - WARNING - Header bulunamadi, devam ediliyor...
2026-07-20 00:27:31,126 - INFO - Durdurma sinyali alindi...
2026-07-20 00:27:31,127 - INFO - Bot durdurma sinyali alindi...
2026-07-20 00:27:56,141 - INFO - Chromium bulundu: /data/data/com.termux/files/usr/bin/chromium-browser
2026-07-20 00:27:56,142 - INFO - ChromeDriver bulundu: /data/data/com.termux/files/usr/bin/chromedriver
2026-07-20 00:27:57,937 - INFO - Driver baslatildi (Termux/Android)
2026-07-20 00:27:57,943 - INFO - Instagram login sayfasi yukleniyor...
2026-07-20 00:30:03,549 - INFO - Chromium bulundu: /data/data/com.termux/files/usr/bin/chromium-browser
2026-07-20 00:30:03,549 - INFO - ChromeDriver bulundu: /data/data/com.termux/files/usr/bin/chromedriver
2026-07-20 00:30:04,670 - INFO - Driver baslatildi (Termux/Android)
2026-07-20 00:30:04,671 - INFO - Instagram login sayfasi yukleniyor...
2026-07-20 00:30:48,876 - INFO - Cerez butonu bulunamadi veya gerekli degil
2026-07-20 00:30:48,877 - INFO - Giris alanlari araniyor...
2026-07-20 00:30:48,998 - INFO - Giris alanlari bulundu
2026-07-20 00:30:48,999 - INFO - Kullanici adi giriliyor...
2026-07-20 00:30:57,475 - INFO - Sifre giriliyor...
2026-07-20 00:31:03,692 - INFO - Giris butonu bulundu: //div[@role="button" and contains(., "Log in")]
2026-07-20 00:31:04,391 - INFO - Giris butonuna tiklandi
2026-07-20 00:31:19,018 - INFO - 'Save login info' popup kontrolu...
2026-07-20 00:31:22,433 - INFO - Popup JS ile kapatildi: clicked: not now
2026-07-20 00:31:24,731 - INFO - Giris basarili! (URL: https://www.instagram.com/?deoia=1)
2026-07-20 00:31:24,731 - INFO - 
============================================================
2026-07-20 00:31:24,732 - INFO - TAKIP ETME DONGUSU BASLADI
2026-07-20 00:31:24,732 - INFO - Durdurmak icin Ctrl+C veya panelden durdur
2026-07-20 00:31:24,732 - INFO - ============================================================

2026-07-20 00:31:24,733 - INFO - 
============================================================
2026-07-20 00:31:24,733 - INFO - TAKIP DONGUSU #1
2026-07-20 00:31:24,733 - INFO - ============================================================
2026-07-20 00:31:24,745 - INFO - 10 bekleyen kullanici bulundu, takip ediliyor...
2026-07-20 00:31:24,746 - INFO - 
==================================================
2026-07-20 00:31:24,746 - INFO - Takip 1: ?xmt=AQG0X2jfCQK_yGoRuq5ZsAVZsEZfzZfwTYpoqEvdgBQisUI
2026-07-20 00:31:24,746 - INFO - ==================================================
2026-07-20 00:31:24,746 - INFO - ?xmt=AQG0X2jfCQK_yGoRuq5ZsAVZsEZfzZfwTYpoqEvdgBQisUI profiline gidiliyor...
2026-07-20 00:32:11,511 - WARNING - Header bulunamadi, devam ediliyor...
2026-07-20 00:33:42,873 - INFO - Takip butonu bulunamadi, JavaScript deneniyor...
2026-07-20 00:33:42,906 - INFO - JavaScript sonucu: not found
2026-07-20 00:33:42,907 - WARNING - ⚠️ ?xmt=AQG0X2jfCQK_yGoRuq5ZsAVZsEZfzZfwTYpoqEvdgBQisUI icin takip butonu bulunamadi (JS)
2026-07-20 00:33:42,983 - INFO - ❌ ONAYSIZ: ?xmt=AQG0X2jfCQK_yGoRuq5ZsAVZsEZfzZfwTYpoqEvdgBQisUI (Buton bulunamadi)
2026-07-20 00:33:42,985 - INFO - Rate limit korumasi: 2.0s bekleniyor...
2026-07-20 00:33:45,017 - INFO - 
==================================================
2026-07-20 00:33:45,017 - INFO - Takip 2: followers
2026-07-20 00:33:45,018 - INFO - ==================================================
2026-07-20 00:33:45,018 - INFO - followers profiline gidiliyor...
2026-07-20 00:34:33,453 - WARNING - Header bulunamadi, devam ediliyor...
2026-07-20 00:36:04,142 - INFO - Takip butonu bulunamadi, JavaScript deneniyor...
2026-07-20 00:36:04,193 - INFO - JavaScript sonucu: not found
2026-07-20 00:36:04,194 - WARNING - ⚠️ followers icin takip butonu bulunamadi (JS)
2026-07-20 00:36:04,389 - INFO - ❌ ONAYSIZ: followers (Buton bulunamadi)
2026-07-20 00:36:04,390 - INFO - Rate limit korumasi: 4.3s bekleniyor...
2026-07-20 00:36:08,736 - INFO - 
==================================================
2026-07-20 00:36:08,737 - INFO - Takip 3: following
2026-07-20 00:36:08,737 - INFO - ==================================================
2026-07-20 00:36:08,737 - INFO - following profiline gidiliyor...
2026-07-20 00:36:54,840 - WARNING - Header bulunamadi, devam ediliyor...
2026-07-20 00:38:26,310 - INFO - Takip butonu bulunamadi, JavaScript deneniyor...
2026-07-20 00:38:26,371 - INFO - JavaScript sonucu: not found
2026-07-20 00:38:26,372 - WARNING - ⚠️ following icin takip butonu bulunamadi (JS)
2026-07-20 00:38:26,503 - INFO - ❌ ONAYSIZ: following (Buton bulunamadi)
2026-07-20 00:38:26,503 - INFO - Rate limit korumasi: 9.6s bekleniyor...
2026-07-20 00:38:36,131 - INFO - 
==================================================
2026-07-20 00:38:36,132 - INFO - Takip 4: @evren_gayrimenkul_?xmt=AQG0Udq5HAIrx1MDb_-thoPyaDFCA_OtzTAY7OHMtUU6iFI
2026-07-20 00:38:36,132 - INFO - ==================================================
2026-07-20 00:38:36,133 - INFO - @evren_gayrimenkul_?xmt=AQG0Udq5HAIrx1MDb_-thoPyaDFCA_OtzTAY7OHMtUU6iFI profiline gidiliyor...
2026-07-20 00:39:22,545 - WARNING - Header bulunamadi, devam ediliyor...
2026-07-20 00:40:54,052 - INFO - Takip butonu bulunamadi, JavaScript deneniyor...
2026-07-20 00:40:54,089 - INFO - JavaScript sonucu: not found
2026-07-20 00:40:54,090 - WARNING - ⚠️ @evren_gayrimenkul_?xmt=AQG0Udq5HAIrx1MDb_-thoPyaDFCA_OtzTAY7OHMtUU6iFI icin takip butonu bulunamadi (JS)
2026-07-20 00:40:54,205 - INFO - ❌ ONAYSIZ: @evren_gayrimenkul_?xmt=AQG0Udq5HAIrx1MDb_-thoPyaDFCA_OtzTAY7OHMtUU6iFI (Buton bulunamadi)
2026-07-20 00:40:54,206 - INFO - Rate limit korumasi: 1.1s bekleniyor...
2026-07-20 00:40:55,346 - INFO - 
==================================================
2026-07-20 00:40:55,346 - INFO - Takip 5: mutualOnly
2026-07-20 00:40:55,347 - INFO - ==================================================
2026-07-20 00:40:55,347 - INFO - mutualOnly profiline gidiliyor...
2026-07-20 00:42:41,779 - INFO - Takip butonu bulunamadi, JavaScript deneniyor...
2026-07-20 00:42:41,821 - INFO - JavaScript sonucu: not found
2026-07-20 00:42:41,821 - WARNING - ⚠️ mutualOnly icin takip butonu bulunamadi (JS)
2026-07-20 00:42:41,977 - INFO - ❌ ONAYSIZ: mutualOnly (Buton bulunamadi)
2026-07-20 00:42:41,977 - INFO - Rate limit korumasi: 1.1s bekleniyor...
2026-07-20 00:42:43,110 - INFO - 
==================================================
2026-07-20 00:42:43,111 - INFO - Takip 6: 18052845653217035
2026-07-20 00:42:43,112 - INFO - ==================================================
2026-07-20 00:42:43,113 - INFO - 18052845653217035 profiline gidiliyor...
2026-07-20 00:43:28,823 - WARNING - Header bulunamadi, devam ediliyor...
2026-07-20 00:45:00,390 - INFO - Takip butonu bulunamadi, JavaScript deneniyor...
2026-07-20 00:45:00,415 - INFO - JavaScript sonucu: not found
2026-07-20 00:45:00,416 - WARNING - ⚠️ 18052845653217035 icin takip butonu bulunamadi (JS)
2026-07-20 00:45:00,537 - INFO - ❌ ONAYSIZ: 18052845653217035 (Buton bulunamadi)
2026-07-20 00:45:00,537 - INFO - Rate limit korumasi: 1.1s bekleniyor...
2026-07-20 00:45:01,625 - INFO - 
==================================================
2026-07-20 00:45:01,626 - INFO - Takip 7: 18000727853250185
2026-07-20 00:45:01,626 - INFO - ==================================================
2026-07-20 00:45:01,627 - INFO - 18000727853250185 profiline gidiliyor...
2026-07-20 00:45:46,292 - WARNING - Header bulunamadi, devam ediliyor...
2026-07-20 00:47:17,345 - INFO - Takip butonu bulunamadi, JavaScript deneniyor...
2026-07-20 00:47:17,374 - INFO - JavaScript sonucu: not found
2026-07-20 00:47:17,375 - WARNING - ⚠️ 18000727853250185 icin takip butonu bulunamadi (JS)
2026-07-20 00:47:17,466 - INFO - ❌ ONAYSIZ: 18000727853250185 (Buton bulunamadi)
2026-07-20 00:47:17,467 - INFO - Rate limit korumasi: 7.5s bekleniyor...
2026-07-20 00:47:25,016 - INFO - 
==================================================
2026-07-20 00:47:25,016 - INFO - Takip 8: 18313623145066198
2026-07-20 00:47:25,017 - INFO - ==================================================
2026-07-20 00:47:25,017 - INFO - 18313623145066198 profiline gidiliyor...
2026-07-20 00:48:08,622 - WARNING - Header bulunamadi, devam ediliyor...
2026-07-20 00:49:39,669 - INFO - Takip butonu bulunamadi, JavaScript deneniyor...
2026-07-20 00:49:39,706 - INFO - JavaScript sonucu: not found
2026-07-20 00:49:39,706 - WARNING - ⚠️ 18313623145066198 icin takip butonu bulunamadi (JS)
2026-07-20 00:49:39,832 - INFO - ❌ ONAYSIZ: 18313623145066198 (Buton bulunamadi)
2026-07-20 00:49:39,835 - INFO - Rate limit korumasi: 10.1s bekleniyor...
2026-07-20 00:49:49,959 - INFO - 
==================================================
2026-07-20 00:49:49,960 - INFO - Takip 9: 18186316417241718
2026-07-20 00:49:49,960 - INFO - ==================================================
2026-07-20 00:49:49,960 - INFO - 18186316417241718 profiline gidiliyor...
2026-07-20 00:50:32,611 - WARNING - Header bulunamadi, devam ediliyor...
